25Y-02-14 at 09:14:43 | INFO | Пользователь ввел название {title} новеллы и ссылку {url}.
25Y-02-14 at 09:15:01 | INFO | Пользователь ввел название sdfsd новеллы и ссылку sdfsdf.
25Y-02-14 at 09:56:12 | INFO | Пользователь ввел название fdssdf новеллы и ссылку sdfsdf.
2025-02-14 at 09:56:58 | INFO | Пользователь ввел название dsfds новеллы и ссылку fdsfds.
2025-02-14 at 10:24:19 | INFO | page https://www.52shuku.vip/yanqing/am/h2QX.html is got
2025-02-14 at 10:29:38 | INFO | page https://www.52shuku.vip/yanqing/am/h2QX.html is got
2025-02-14 at 10:47:02 | INFO | page https://www.52shuku.vip/yanqing/am/h2QX.html is got
2025-02-14 at 10:47:23 | INFO | page https://www.52shuku.vip/yanqing/am/h2QX.html is got
2025-02-14 at 10:50:29 | INFO | page https://www.52shuku.vip/yanqing/am/h2QX.html is got
2025-02-14 at 14:56:15 | INFO | page https://www.52shuku.vip/yanqing/am/h2QX.html is got
2025-02-14 at 15:09:05 | INFO | page https://www.52shuku.vip/yanqing/am/h2QX.html is got
2025-02-14 at 15:09:05 | INFO | page https://www.52shuku.vip/yanqing/am/h2QX_2.html is got
2025-02-14 at 15:09:09 | INFO | chapter 2 for link https://www.52shuku.vip/yanqing/am/h2QX_2.html is got
2025-02-14 at 15:09:09 | INFO | page https://www.52shuku.vip/yanqing/am/h2QX_3.html is got
2025-02-14 at 15:09:13 | INFO | chapter 3 for link https://www.52shuku.vip/yanqing/am/h2QX_3.html is got
2025-02-14 at 15:09:14 | INFO | page https://www.52shuku.vip/yanqing/am/h2QX_4.html is got
2025-02-14 at 15:09:15 | INFO | chapter 4 for link https://www.52shuku.vip/yanqing/am/h2QX_4.html is got
2025-02-14 at 15:09:15 | INFO | page https://www.52shuku.vip/yanqing/am/h2QX_5.html is got
2025-02-14 at 15:09:22 | INFO | chapter 5 for link https://www.52shuku.vip/yanqing/am/h2QX_5.html is got
2025-02-14 at 15:09:22 | INFO | page https://www.52shuku.vip/yanqing/am/h2QX_6.html is got
2025-02-14 at 15:09:23 | INFO | chapter 6 for link https://www.52shuku.vip/yanqing/am/h2QX_6.html is got
2025-02-14 at 15:09:24 | INFO | page https://www.52shuku.vip/yanqing/am/h2QX_7.html is got
2025-02-14 at 15:09:25 | INFO | chapter 7 for link https://www.52shuku.vip/yanqing/am/h2QX_7.html is got
2025-02-14 at 15:09:25 | INFO | page https://www.52shuku.vip/yanqing/am/h2QX_8.html is got
2025-02-14 at 15:09:32 | INFO | chapter 8 for link https://www.52shuku.vip/yanqing/am/h2QX_8.html is got
2025-02-14 at 15:09:33 | INFO | page https://www.52shuku.vip/yanqing/am/h2QX_9.html is got
2025-02-14 at 15:09:39 | INFO | chapter 9 for link https://www.52shuku.vip/yanqing/am/h2QX_9.html is got
2025-02-14 at 15:09:39 | INFO | page https://www.52shuku.vip/yanqing/am/h2QX_10.html is got
2025-02-14 at 15:09:45 | INFO | chapter 10 for link https://www.52shuku.vip/yanqing/am/h2QX_10.html is got
2025-02-14 at 15:09:46 | INFO | page https://www.52shuku.vip/yanqing/am/h2QX_11.html is got
2025-02-14 at 15:09:51 | INFO | chapter 11 for link https://www.52shuku.vip/yanqing/am/h2QX_11.html is got
2025-02-14 at 15:09:51 | INFO | page https://www.52shuku.vip/yanqing/am/h2QX_12.html is got
2025-02-14 at 15:09:54 | INFO | chapter 12 for link https://www.52shuku.vip/yanqing/am/h2QX_12.html is got
2025-02-14 at 15:09:55 | INFO | page https://www.52shuku.vip/yanqing/am/h2QX_13.html is got
2025-02-14 at 15:10:02 | INFO | chapter 13 for link https://www.52shuku.vip/yanqing/am/h2QX_13.html is got
2025-02-14 at 15:10:02 | INFO | page https://www.52shuku.vip/yanqing/am/h2QX_14.html is got
2025-02-14 at 15:10:07 | INFO | chapter 14 for link https://www.52shuku.vip/yanqing/am/h2QX_14.html is got
2025-02-14 at 15:10:08 | INFO | page https://www.52shuku.vip/yanqing/am/h2QX_15.html is got
2025-02-14 at 15:10:12 | INFO | chapter 15 for link https://www.52shuku.vip/yanqing/am/h2QX_15.html is got
2025-02-14 at 15:10:12 | INFO | page https://www.52shuku.vip/yanqing/am/h2QX_16.html is got
2025-02-14 at 15:10:14 | INFO | chapter 16 for link https://www.52shuku.vip/yanqing/am/h2QX_16.html is got
2025-02-14 at 15:10:14 | INFO | page https://www.52shuku.vip/yanqing/am/h2QX_17.html is got
2025-02-14 at 15:10:18 | INFO | chapter 17 for link https://www.52shuku.vip/yanqing/am/h2QX_17.html is got
2025-02-14 at 15:10:19 | INFO | page https://www.52shuku.vip/yanqing/am/h2QX_18.html is got
2025-02-14 at 15:10:24 | INFO | chapter 18 for link https://www.52shuku.vip/yanqing/am/h2QX_18.html is got
2025-02-14 at 15:10:24 | INFO | page https://www.52shuku.vip/yanqing/am/h2QX_19.html is got
2025-02-14 at 15:10:30 | INFO | chapter 19 for link https://www.52shuku.vip/yanqing/am/h2QX_19.html is got
2025-02-14 at 15:10:31 | INFO | page https://www.52shuku.vip/yanqing/am/h2QX_20.html is got
2025-02-14 at 15:10:32 | INFO | chapter 20 for link https://www.52shuku.vip/yanqing/am/h2QX_20.html is got
2025-02-14 at 15:10:32 | INFO | page https://www.52shuku.vip/yanqing/am/h2QX_21.html is got
2025-02-14 at 15:10:35 | INFO | chapter 21 for link https://www.52shuku.vip/yanqing/am/h2QX_21.html is got
2025-02-14 at 15:10:36 | INFO | page https://www.52shuku.vip/yanqing/am/h2QX_22.html is got
2025-02-14 at 15:10:39 | INFO | chapter 22 for link https://www.52shuku.vip/yanqing/am/h2QX_22.html is got
2025-02-14 at 15:10:39 | INFO | page https://www.52shuku.vip/yanqing/am/h2QX_23.html is got
2025-02-14 at 15:10:45 | INFO | chapter 23 for link https://www.52shuku.vip/yanqing/am/h2QX_23.html is got
2025-02-14 at 15:10:46 | INFO | page https://www.52shuku.vip/yanqing/am/h2QX_24.html is got
2025-02-14 at 15:10:49 | INFO | chapter 24 for link https://www.52shuku.vip/yanqing/am/h2QX_24.html is got
2025-02-14 at 15:10:49 | INFO | page https://www.52shuku.vip/yanqing/am/h2QX_25.html is got
2025-02-14 at 15:10:53 | INFO | chapter 25 for link https://www.52shuku.vip/yanqing/am/h2QX_25.html is got
2025-02-14 at 15:10:54 | INFO | page https://www.52shuku.vip/yanqing/am/h2QX_26.html is got
2025-02-14 at 15:10:57 | INFO | chapter 26 for link https://www.52shuku.vip/yanqing/am/h2QX_26.html is got
2025-02-14 at 15:10:57 | INFO | page https://www.52shuku.vip/yanqing/am/h2QX_27.html is got
2025-02-14 at 15:10:58 | INFO | chapter 27 for link https://www.52shuku.vip/yanqing/am/h2QX_27.html is got
2025-02-14 at 15:10:59 | INFO | page https://www.52shuku.vip/yanqing/am/h2QX_28.html is got
2025-02-14 at 15:11:02 | INFO | chapter 28 for link https://www.52shuku.vip/yanqing/am/h2QX_28.html is got
2025-02-14 at 15:11:02 | INFO | page https://www.52shuku.vip/yanqing/am/h2QX_29.html is got
2025-02-14 at 15:11:05 | INFO | chapter 29 for link https://www.52shuku.vip/yanqing/am/h2QX_29.html is got
2025-02-14 at 15:11:06 | INFO | page https://www.52shuku.vip/yanqing/am/h2QX_30.html is got
2025-02-14 at 15:11:07 | INFO | chapter 30 for link https://www.52shuku.vip/yanqing/am/h2QX_30.html is got
2025-02-14 at 15:11:08 | INFO | page https://www.52shuku.vip/yanqing/am/h2QX_31.html is got
2025-02-14 at 15:11:14 | INFO | chapter 31 for link https://www.52shuku.vip/yanqing/am/h2QX_31.html is got
2025-02-14 at 15:11:14 | INFO | page https://www.52shuku.vip/yanqing/am/h2QX_32.html is got
2025-02-14 at 15:11:17 | INFO | chapter 32 for link https://www.52shuku.vip/yanqing/am/h2QX_32.html is got
2025-02-14 at 15:11:18 | INFO | page https://www.52shuku.vip/yanqing/am/h2QX_33.html is got
2025-02-14 at 15:11:25 | INFO | chapter 33 for link https://www.52shuku.vip/yanqing/am/h2QX_33.html is got
2025-02-14 at 15:11:25 | INFO | page https://www.52shuku.vip/yanqing/am/h2QX_34.html is got
2025-02-14 at 15:11:31 | INFO | chapter 34 for link https://www.52shuku.vip/yanqing/am/h2QX_34.html is got
2025-02-14 at 15:11:32 | INFO | page https://www.52shuku.vip/yanqing/am/h2QX_35.html is got
2025-02-14 at 15:11:38 | INFO | chapter 35 for link https://www.52shuku.vip/yanqing/am/h2QX_35.html is got
2025-02-14 at 15:11:38 | INFO | page https://www.52shuku.vip/yanqing/am/h2QX_36.html is got
2025-02-14 at 15:11:42 | INFO | chapter 36 for link https://www.52shuku.vip/yanqing/am/h2QX_36.html is got
2025-02-14 at 15:11:43 | INFO | page https://www.52shuku.vip/yanqing/am/h2QX_37.html is got
2025-02-14 at 15:11:45 | INFO | chapter 37 for link https://www.52shuku.vip/yanqing/am/h2QX_37.html is got
2025-02-14 at 15:11:45 | INFO | page https://www.52shuku.vip/yanqing/am/h2QX_38.html is got
2025-02-14 at 15:11:52 | INFO | chapter 38 for link https://www.52shuku.vip/yanqing/am/h2QX_38.html is got
2025-02-14 at 15:11:53 | INFO | page https://www.52shuku.vip/yanqing/am/h2QX_39.html is got
2025-02-14 at 15:11:58 | INFO | chapter 39 for link https://www.52shuku.vip/yanqing/am/h2QX_39.html is got
2025-02-14 at 15:11:58 | INFO | page https://www.52shuku.vip/yanqing/am/h2QX_40.html is got
2025-02-14 at 15:12:04 | INFO | chapter 40 for link https://www.52shuku.vip/yanqing/am/h2QX_40.html is got
2025-02-14 at 15:12:05 | INFO | page https://www.52shuku.vip/yanqing/am/h2QX_41.html is got
2025-02-14 at 15:12:12 | INFO | chapter 41 for link https://www.52shuku.vip/yanqing/am/h2QX_41.html is got
2025-02-14 at 15:12:13 | INFO | page https://www.52shuku.vip/yanqing/am/h2QX_42.html is got
2025-02-14 at 15:12:15 | INFO | chapter 42 for link https://www.52shuku.vip/yanqing/am/h2QX_42.html is got
2025-02-14 at 15:12:15 | INFO | page https://www.52shuku.vip/yanqing/am/h2QX_43.html is got
2025-02-14 at 15:12:20 | INFO | chapter 43 for link https://www.52shuku.vip/yanqing/am/h2QX_43.html is got
2025-02-14 at 15:12:20 | INFO | page https://www.52shuku.vip/yanqing/am/h2QX_44.html is got
2025-02-14 at 15:12:23 | INFO | chapter 44 for link https://www.52shuku.vip/yanqing/am/h2QX_44.html is got
2025-02-14 at 15:12:24 | INFO | page https://www.52shuku.vip/yanqing/am/h2QX_45.html is got
2025-02-14 at 15:12:26 | INFO | chapter 45 for link https://www.52shuku.vip/yanqing/am/h2QX_45.html is got
2025-02-14 at 15:12:26 | INFO | page https://www.52shuku.vip/yanqing/am/h2QX_46.html is got
2025-02-14 at 15:12:33 | INFO | chapter 46 for link https://www.52shuku.vip/yanqing/am/h2QX_46.html is got
2025-02-14 at 15:12:33 | INFO | page https://www.52shuku.vip/yanqing/am/h2QX_47.html is got
2025-02-14 at 15:12:34 | INFO | chapter 47 for link https://www.52shuku.vip/yanqing/am/h2QX_47.html is got
2025-02-14 at 15:12:35 | INFO | page https://www.52shuku.vip/yanqing/am/h2QX_48.html is got
2025-02-14 at 15:12:40 | INFO | chapter 48 for link https://www.52shuku.vip/yanqing/am/h2QX_48.html is got
2025-02-14 at 15:12:41 | INFO | page https://www.52shuku.vip/yanqing/am/h2QX_49.html is got
2025-02-14 at 15:12:48 | INFO | chapter 49 for link https://www.52shuku.vip/yanqing/am/h2QX_49.html is got
2025-02-14 at 15:12:48 | INFO | page https://www.52shuku.vip/yanqing/am/h2QX_50.html is got
2025-02-14 at 15:12:49 | INFO | chapter 50 for link https://www.52shuku.vip/yanqing/am/h2QX_50.html is got
2025-02-14 at 15:12:50 | INFO | page https://www.52shuku.vip/yanqing/am/h2QX_51.html is got
2025-02-14 at 15:12:55 | INFO | chapter 51 for link https://www.52shuku.vip/yanqing/am/h2QX_51.html is got
2025-02-14 at 15:12:55 | INFO | page https://www.52shuku.vip/yanqing/am/h2QX_52.html is got
2025-02-14 at 15:12:59 | INFO | chapter 52 for link https://www.52shuku.vip/yanqing/am/h2QX_52.html is got
2025-02-14 at 15:12:59 | INFO | page https://www.52shuku.vip/yanqing/am/h2QX_53.html is got
2025-02-14 at 15:13:03 | INFO | chapter 53 for link https://www.52shuku.vip/yanqing/am/h2QX_53.html is got
2025-02-14 at 15:13:03 | INFO | page https://www.52shuku.vip/yanqing/am/h2QX_54.html is got
2025-02-14 at 15:13:04 | INFO | chapter 54 for link https://www.52shuku.vip/yanqing/am/h2QX_54.html is got
2025-02-14 at 15:13:05 | INFO | page https://www.52shuku.vip/yanqing/am/h2QX_55.html is got
2025-02-14 at 15:13:12 | INFO | chapter 55 for link https://www.52shuku.vip/yanqing/am/h2QX_55.html is got
2025-02-14 at 15:13:13 | INFO | page https://www.52shuku.vip/yanqing/am/h2QX_56.html is got
2025-02-14 at 15:13:14 | INFO | chapter 56 for link https://www.52shuku.vip/yanqing/am/h2QX_56.html is got
2025-02-14 at 15:13:14 | INFO | page https://www.52shuku.vip/yanqing/am/h2QX_57.html is got
2025-02-14 at 15:13:20 | INFO | chapter 57 for link https://www.52shuku.vip/yanqing/am/h2QX_57.html is got
2025-02-14 at 15:13:21 | INFO | page https://www.52shuku.vip/yanqing/am/h2QX_58.html is got
2025-02-14 at 15:13:27 | INFO | chapter 58 for link https://www.52shuku.vip/yanqing/am/h2QX_58.html is got
2025-02-14 at 15:13:27 | INFO | page https://www.52shuku.vip/yanqing/am/h2QX_59.html is got
2025-02-14 at 15:13:29 | INFO | chapter 59 for link https://www.52shuku.vip/yanqing/am/h2QX_59.html is got
2025-02-14 at 15:13:30 | INFO | page https://www.52shuku.vip/yanqing/am/h2QX_60.html is got
2025-02-14 at 15:13:36 | INFO | chapter 60 for link https://www.52shuku.vip/yanqing/am/h2QX_60.html is got
2025-02-14 at 15:13:36 | INFO | page https://www.52shuku.vip/yanqing/am/h2QX_61.html is got
2025-02-14 at 15:13:39 | INFO | chapter 61 for link https://www.52shuku.vip/yanqing/am/h2QX_61.html is got
2025-02-14 at 15:13:40 | INFO | page https://www.52shuku.vip/yanqing/am/h2QX_62.html is got
2025-02-14 at 15:13:45 | INFO | chapter 62 for link https://www.52shuku.vip/yanqing/am/h2QX_62.html is got
2025-02-14 at 15:13:45 | INFO | page https://www.52shuku.vip/yanqing/am/h2QX_63.html is got
2025-02-14 at 15:13:48 | INFO | chapter 63 for link https://www.52shuku.vip/yanqing/am/h2QX_63.html is got
2025-02-14 at 15:13:49 | INFO | page https://www.52shuku.vip/yanqing/am/h2QX_64.html is got
2025-02-14 at 15:13:51 | INFO | chapter 64 for link https://www.52shuku.vip/yanqing/am/h2QX_64.html is got
2025-02-14 at 15:13:51 | INFO | page https://www.52shuku.vip/yanqing/am/h2QX_65.html is got
2025-02-14 at 15:13:57 | INFO | chapter 65 for link https://www.52shuku.vip/yanqing/am/h2QX_65.html is got
2025-02-14 at 15:13:58 | INFO | page https://www.52shuku.vip/yanqing/am/h2QX_66.html is got
2025-02-14 at 15:14:03 | INFO | chapter 66 for link https://www.52shuku.vip/yanqing/am/h2QX_66.html is got
2025-02-14 at 15:14:03 | INFO | page https://www.52shuku.vip/yanqing/am/h2QX_67.html is got
2025-02-14 at 15:14:04 | INFO | chapter 67 for link https://www.52shuku.vip/yanqing/am/h2QX_67.html is got
2025-02-14 at 15:14:05 | INFO | page https://www.52shuku.vip/yanqing/am/h2QX_68.html is got
2025-02-14 at 15:14:12 | INFO | chapter 68 for link https://www.52shuku.vip/yanqing/am/h2QX_68.html is got
2025-02-14 at 15:14:12 | INFO | page https://www.52shuku.vip/yanqing/am/h2QX_69.html is got
2025-02-14 at 15:14:14 | INFO | chapter 69 for link https://www.52shuku.vip/yanqing/am/h2QX_69.html is got
2025-02-14 at 15:14:15 | INFO | page https://www.52shuku.vip/yanqing/am/h2QX_70.html is got
2025-02-14 at 15:14:21 | INFO | chapter 70 for link https://www.52shuku.vip/yanqing/am/h2QX_70.html is got
2025-02-14 at 15:14:21 | INFO | page https://www.52shuku.vip/yanqing/am/h2QX_71.html is got
2025-02-14 at 15:14:23 | INFO | chapter 71 for link https://www.52shuku.vip/yanqing/am/h2QX_71.html is got
2025-02-14 at 15:14:24 | INFO | page https://www.52shuku.vip/yanqing/am/h2QX_72.html is got
2025-02-14 at 15:14:29 | INFO | chapter 72 for link https://www.52shuku.vip/yanqing/am/h2QX_72.html is got
2025-02-14 at 15:14:29 | INFO | page https://www.52shuku.vip/yanqing/am/h2QX_73.html is got
2025-02-14 at 15:14:31 | INFO | chapter 73 for link https://www.52shuku.vip/yanqing/am/h2QX_73.html is got
2025-02-14 at 15:14:32 | INFO | page https://www.52shuku.vip/yanqing/am/h2QX_74.html is got
2025-02-14 at 15:14:39 | INFO | chapter 74 for link https://www.52shuku.vip/yanqing/am/h2QX_74.html is got
2025-02-14 at 15:14:39 | INFO | page https://www.52shuku.vip/yanqing/am/h2QX_75.html is got
2025-02-14 at 15:14:45 | INFO | chapter 75 for link https://www.52shuku.vip/yanqing/am/h2QX_75.html is got
2025-02-14 at 15:14:46 | INFO | page https://www.52shuku.vip/yanqing/am/h2QX_76.html is got
2025-02-14 at 15:14:51 | INFO | chapter 76 for link https://www.52shuku.vip/yanqing/am/h2QX_76.html is got
2025-02-14 at 15:14:51 | INFO | page https://www.52shuku.vip/yanqing/am/h2QX_77.html is got
2025-02-14 at 15:14:56 | INFO | chapter 77 for link https://www.52shuku.vip/yanqing/am/h2QX_77.html is got
2025-02-14 at 15:14:56 | INFO | page https://www.52shuku.vip/yanqing/am/h2QX_78.html is got
2025-02-14 at 15:15:03 | INFO | chapter 78 for link https://www.52shuku.vip/yanqing/am/h2QX_78.html is got
2025-02-14 at 15:15:05 | INFO | page https://www.52shuku.vip/yanqing/am/h2QX_79.html is got
2025-02-14 at 15:15:12 | INFO | chapter 79 for link https://www.52shuku.vip/yanqing/am/h2QX_79.html is got
2025-02-14 at 15:15:18 | INFO | page https://www.52shuku.vip/yanqing/am/h2QX_80.html is got
2025-02-14 at 15:15:24 | INFO | chapter 80 for link https://www.52shuku.vip/yanqing/am/h2QX_80.html is got
2025-02-14 at 15:15:25 | INFO | page https://www.52shuku.vip/yanqing/am/h2QX_81.html is got
2025-02-14 at 15:15:26 | INFO | chapter 81 for link https://www.52shuku.vip/yanqing/am/h2QX_81.html is got
2025-02-14 at 15:15:26 | INFO | page https://www.52shuku.vip/yanqing/am/h2QX_82.html is got
2025-02-14 at 15:15:32 | INFO | chapter 82 for link https://www.52shuku.vip/yanqing/am/h2QX_82.html is got
2025-02-14 at 15:15:32 | INFO | page https://www.52shuku.vip/yanqing/am/h2QX_83.html is got
2025-02-14 at 15:15:34 | INFO | chapter 83 for link https://www.52shuku.vip/yanqing/am/h2QX_83.html is got
2025-02-14 at 15:15:35 | INFO | page https://www.52shuku.vip/yanqing/am/h2QX_84.html is got
2025-02-14 at 15:15:37 | INFO | chapter 84 for link https://www.52shuku.vip/yanqing/am/h2QX_84.html is got
2025-02-14 at 15:15:37 | INFO | page https://www.52shuku.vip/yanqing/am/h2QX_85.html is got
2025-02-14 at 15:15:40 | INFO | chapter 85 for link https://www.52shuku.vip/yanqing/am/h2QX_85.html is got
2025-02-14 at 15:15:41 | INFO | page https://www.52shuku.vip/yanqing/am/h2QX_86.html is got
2025-02-14 at 15:15:46 | INFO | chapter 86 for link https://www.52shuku.vip/yanqing/am/h2QX_86.html is got
2025-02-14 at 15:15:46 | INFO | page https://www.52shuku.vip/yanqing/am/h2QX_87.html is got
2025-02-14 at 15:15:53 | INFO | chapter 87 for link https://www.52shuku.vip/yanqing/am/h2QX_87.html is got
2025-02-14 at 15:15:54 | INFO | page https://www.52shuku.vip/yanqing/am/h2QX_88.html is got
2025-02-14 at 15:15:55 | INFO | chapter 88 for link https://www.52shuku.vip/yanqing/am/h2QX_88.html is got
2025-02-14 at 15:15:55 | INFO | page https://www.52shuku.vip/yanqing/am/h2QX_89.html is got
2025-02-14 at 15:16:02 | INFO | chapter 89 for link https://www.52shuku.vip/yanqing/am/h2QX_89.html is got
2025-02-14 at 15:16:03 | INFO | page https://www.52shuku.vip/yanqing/am/h2QX_90.html is got
2025-02-14 at 15:16:04 | INFO | chapter 90 for link https://www.52shuku.vip/yanqing/am/h2QX_90.html is got
2025-02-14 at 15:16:04 | INFO | page https://www.52shuku.vip/yanqing/am/h2QX_91.html is got
2025-02-14 at 15:16:05 | INFO | chapter 91 for link https://www.52shuku.vip/yanqing/am/h2QX_91.html is got
2025-02-14 at 15:16:06 | INFO | page https://www.52shuku.vip/yanqing/am/h2QX_92.html is got
2025-02-14 at 15:16:08 | INFO | chapter 92 for link https://www.52shuku.vip/yanqing/am/h2QX_92.html is got
2025-02-14 at 15:16:08 | INFO | page https://www.52shuku.vip/yanqing/am/h2QX_93.html is got
2025-02-14 at 15:16:13 | INFO | chapter 93 for link https://www.52shuku.vip/yanqing/am/h2QX_93.html is got
2025-02-14 at 15:16:14 | INFO | page https://www.52shuku.vip/yanqing/am/h2QX_94.html is got
2025-02-14 at 15:16:16 | INFO | chapter 94 for link https://www.52shuku.vip/yanqing/am/h2QX_94.html is got
2025-02-14 at 15:16:17 | INFO | page https://www.52shuku.vip/yanqing/am/h2QX_95.html is got
2025-02-14 at 15:16:18 | INFO | chapter 95 for link https://www.52shuku.vip/yanqing/am/h2QX_95.html is got
2025-02-14 at 15:16:18 | INFO | page https://www.52shuku.vip/yanqing/am/h2QX_96.html is got
2025-02-14 at 15:16:25 | INFO | chapter 96 for link https://www.52shuku.vip/yanqing/am/h2QX_96.html is got
2025-02-14 at 15:16:26 | INFO | page https://www.52shuku.vip/yanqing/am/h2QX_97.html is got
2025-02-14 at 15:16:32 | INFO | chapter 97 for link https://www.52shuku.vip/yanqing/am/h2QX_97.html is got
2025-02-14 at 15:16:32 | INFO | page https://www.52shuku.vip/yanqing/am/h2QX_98.html is got
2025-02-14 at 15:16:38 | INFO | chapter 98 for link https://www.52shuku.vip/yanqing/am/h2QX_98.html is got
2025-02-14 at 15:16:39 | INFO | page https://www.52shuku.vip/yanqing/am/h2QX_99.html is got
2025-02-14 at 15:16:43 | INFO | chapter 99 for link https://www.52shuku.vip/yanqing/am/h2QX_99.html is got
2025-02-14 at 15:16:43 | INFO | page https://www.52shuku.vip/yanqing/am/h2QX_100.html is got
2025-02-14 at 15:16:50 | INFO | chapter 100 for link https://www.52shuku.vip/yanqing/am/h2QX_100.html is got
2025-02-14 at 15:16:51 | INFO | page https://www.52shuku.vip/yanqing/am/h2QX_101.html is got
2025-02-14 at 15:16:58 | INFO | chapter 101 for link https://www.52shuku.vip/yanqing/am/h2QX_101.html is got
2025-02-14 at 15:16:59 | INFO | page https://www.52shuku.vip/yanqing/am/h2QX_102.html is got
2025-02-14 at 15:17:05 | INFO | chapter 102 for link https://www.52shuku.vip/yanqing/am/h2QX_102.html is got
2025-02-14 at 15:17:05 | INFO | page https://www.52shuku.vip/yanqing/am/h2QX_103.html is got
2025-02-14 at 15:17:12 | INFO | chapter 103 for link https://www.52shuku.vip/yanqing/am/h2QX_103.html is got
2025-02-14 at 15:17:12 | INFO | page https://www.52shuku.vip/yanqing/am/h2QX_104.html is got
2025-02-14 at 15:17:20 | INFO | chapter 104 for link https://www.52shuku.vip/yanqing/am/h2QX_104.html is got
2025-02-14 at 15:17:20 | INFO | page https://www.52shuku.vip/yanqing/am/h2QX_105.html is got
2025-02-14 at 15:17:23 | INFO | chapter 105 for link https://www.52shuku.vip/yanqing/am/h2QX_105.html is got
2025-02-14 at 15:17:23 | INFO | page https://www.52shuku.vip/yanqing/am/h2QX_106.html is got
2025-02-14 at 15:17:30 | INFO | chapter 106 for link https://www.52shuku.vip/yanqing/am/h2QX_106.html is got
2025-02-14 at 15:17:30 | INFO | page https://www.52shuku.vip/yanqing/am/h2QX_107.html is got
2025-02-14 at 15:17:32 | INFO | chapter 107 for link https://www.52shuku.vip/yanqing/am/h2QX_107.html is got
2025-02-14 at 15:17:32 | INFO | page https://www.52shuku.vip/yanqing/am/h2QX_108.html is got
2025-02-14 at 15:17:35 | INFO | chapter 108 for link https://www.52shuku.vip/yanqing/am/h2QX_108.html is got
2025-02-14 at 15:17:35 | INFO | page https://www.52shuku.vip/yanqing/am/h2QX_109.html is got
2025-02-14 at 15:17:36 | INFO | chapter 109 for link https://www.52shuku.vip/yanqing/am/h2QX_109.html is got
2025-02-14 at 15:17:37 | INFO | page https://www.52shuku.vip/yanqing/am/h2QX_110.html is got
2025-02-14 at 15:17:44 | INFO | chapter 110 for link https://www.52shuku.vip/yanqing/am/h2QX_110.html is got
2025-02-14 at 15:17:44 | INFO | page https://www.52shuku.vip/yanqing/am/h2QX_111.html is got
2025-02-14 at 15:17:46 | INFO | chapter 111 for link https://www.52shuku.vip/yanqing/am/h2QX_111.html is got
2025-02-14 at 15:17:47 | INFO | page https://www.52shuku.vip/yanqing/am/h2QX_112.html is got
2025-02-14 at 15:17:48 | INFO | chapter 112 for link https://www.52shuku.vip/yanqing/am/h2QX_112.html is got
2025-02-14 at 15:17:48 | INFO | page https://www.52shuku.vip/yanqing/am/h2QX_113.html is got
2025-02-14 at 15:17:52 | INFO | chapter 113 for link https://www.52shuku.vip/yanqing/am/h2QX_113.html is got
2025-02-14 at 15:17:53 | INFO | page https://www.52shuku.vip/yanqing/am/h2QX_114.html is got
2025-02-14 at 15:17:54 | INFO | chapter 114 for link https://www.52shuku.vip/yanqing/am/h2QX_114.html is got
2025-02-14 at 15:17:54 | INFO | page https://www.52shuku.vip/yanqing/am/h2QX_115.html is got
2025-02-14 at 15:18:00 | INFO | chapter 115 for link https://www.52shuku.vip/yanqing/am/h2QX_115.html is got
2025-02-14 at 15:18:00 | INFO | page https://www.52shuku.vip/yanqing/am/h2QX_116.html is got
2025-02-14 at 15:18:03 | INFO | chapter 116 for link https://www.52shuku.vip/yanqing/am/h2QX_116.html is got
2025-02-14 at 15:18:04 | INFO | page https://www.52shuku.vip/yanqing/am/h2QX_117.html is got
2025-02-14 at 15:18:08 | INFO | chapter 117 for link https://www.52shuku.vip/yanqing/am/h2QX_117.html is got
2025-02-14 at 15:18:08 | INFO | page https://www.52shuku.vip/yanqing/am/h2QX_118.html is got
2025-02-14 at 15:18:13 | INFO | chapter 118 for link https://www.52shuku.vip/yanqing/am/h2QX_118.html is got
2025-02-14 at 15:18:14 | INFO | page https://www.52shuku.vip/yanqing/am/h2QX_119.html is got
2025-02-14 at 15:18:21 | INFO | chapter 119 for link https://www.52shuku.vip/yanqing/am/h2QX_119.html is got
2025-02-14 at 15:18:22 | INFO | page https://www.52shuku.vip/yanqing/am/h2QX_120.html is got
2025-02-14 at 15:18:24 | INFO | chapter 120 for link https://www.52shuku.vip/yanqing/am/h2QX_120.html is got
2025-02-14 at 15:18:24 | INFO | page https://www.52shuku.vip/yanqing/am/h2QX_121.html is got
2025-02-14 at 15:18:31 | INFO | chapter 121 for link https://www.52shuku.vip/yanqing/am/h2QX_121.html is got
2025-02-14 at 15:18:32 | INFO | page https://www.52shuku.vip/yanqing/am/h2QX_122.html is got
2025-02-14 at 15:18:37 | INFO | chapter 122 for link https://www.52shuku.vip/yanqing/am/h2QX_122.html is got
2025-02-14 at 15:18:37 | INFO | page https://www.52shuku.vip/yanqing/am/h2QX_123.html is got
2025-02-14 at 15:18:40 | INFO | chapter 123 for link https://www.52shuku.vip/yanqing/am/h2QX_123.html is got
2025-02-14 at 15:18:40 | INFO | page https://www.52shuku.vip/yanqing/am/h2QX_124.html is got
2025-02-14 at 15:18:45 | INFO | chapter 124 for link https://www.52shuku.vip/yanqing/am/h2QX_124.html is got
2025-02-14 at 15:18:46 | INFO | page https://www.52shuku.vip/yanqing/am/h2QX_125.html is got
2025-02-14 at 15:18:51 | INFO | chapter 125 for link https://www.52shuku.vip/yanqing/am/h2QX_125.html is got
2025-02-14 at 15:18:51 | INFO | page https://www.52shuku.vip/yanqing/am/h2QX_126.html is got
2025-02-14 at 15:18:52 | INFO | chapter 126 for link https://www.52shuku.vip/yanqing/am/h2QX_126.html is got
2025-02-14 at 15:18:52 | INFO | page https://www.52shuku.vip/yanqing/am/h2QX_127.html is got
2025-02-14 at 15:18:54 | INFO | chapter 127 for link https://www.52shuku.vip/yanqing/am/h2QX_127.html is got
2025-02-14 at 15:18:54 | INFO | page https://www.52shuku.vip/yanqing/am/h2QX_128.html is got
2025-02-14 at 15:18:58 | INFO | chapter 128 for link https://www.52shuku.vip/yanqing/am/h2QX_128.html is got
2025-02-14 at 15:18:59 | INFO | page https://www.52shuku.vip/yanqing/am/h2QX_129.html is got
2025-02-14 at 15:19:06 | INFO | chapter 129 for link https://www.52shuku.vip/yanqing/am/h2QX_129.html is got
2025-02-14 at 15:19:06 | INFO | page https://www.52shuku.vip/yanqing/am/h2QX_130.html is got
2025-02-14 at 15:19:13 | INFO | chapter 130 for link https://www.52shuku.vip/yanqing/am/h2QX_130.html is got
2025-02-14 at 15:19:13 | INFO | page https://www.52shuku.vip/yanqing/am/h2QX_131.html is got
2025-02-14 at 15:19:18 | INFO | chapter 131 for link https://www.52shuku.vip/yanqing/am/h2QX_131.html is got
2025-02-14 at 15:19:18 | INFO | page https://www.52shuku.vip/yanqing/am/h2QX_132.html is got
2025-02-14 at 15:19:19 | INFO | chapter 132 for link https://www.52shuku.vip/yanqing/am/h2QX_132.html is got
2025-02-14 at 15:19:20 | INFO | page https://www.52shuku.vip/yanqing/am/h2QX_133.html is got
2025-02-14 at 15:19:22 | INFO | chapter 133 for link https://www.52shuku.vip/yanqing/am/h2QX_133.html is got
2025-02-14 at 15:19:22 | INFO | page https://www.52shuku.vip/yanqing/am/h2QX_134.html is got
2025-02-14 at 15:19:29 | INFO | chapter 134 for link https://www.52shuku.vip/yanqing/am/h2QX_134.html is got
2025-02-14 at 15:19:29 | INFO | page https://www.52shuku.vip/yanqing/am/h2QX_135.html is got
2025-02-14 at 15:19:34 | INFO | chapter 135 for link https://www.52shuku.vip/yanqing/am/h2QX_135.html is got
2025-02-14 at 15:19:35 | INFO | page https://www.52shuku.vip/yanqing/am/h2QX_136.html is got
2025-02-14 at 15:19:39 | INFO | chapter 136 for link https://www.52shuku.vip/yanqing/am/h2QX_136.html is got
2025-02-14 at 15:19:40 | INFO | page https://www.52shuku.vip/yanqing/am/h2QX_137.html is got
2025-02-14 at 15:19:45 | INFO | chapter 137 for link https://www.52shuku.vip/yanqing/am/h2QX_137.html is got
2025-02-14 at 15:19:45 | INFO | page https://www.52shuku.vip/yanqing/am/h2QX_138.html is got
2025-02-14 at 15:19:52 | INFO | chapter 138 for link https://www.52shuku.vip/yanqing/am/h2QX_138.html is got
2025-02-14 at 15:19:53 | INFO | page https://www.52shuku.vip/yanqing/am/h2QX_139.html is got
2025-02-14 at 15:19:57 | INFO | chapter 139 for link https://www.52shuku.vip/yanqing/am/h2QX_139.html is got
2025-02-14 at 15:19:57 | INFO | page https://www.52shuku.vip/yanqing/am/h2QX_140.html is got
2025-02-14 at 15:19:59 | INFO | chapter 140 for link https://www.52shuku.vip/yanqing/am/h2QX_140.html is got
2025-02-14 at 15:20:00 | INFO | page https://www.52shuku.vip/yanqing/am/h2QX_141.html is got
2025-02-14 at 15:20:02 | INFO | chapter 141 for link https://www.52shuku.vip/yanqing/am/h2QX_141.html is got
2025-02-14 at 15:20:02 | INFO | page https://www.52shuku.vip/yanqing/am/h2QX_142.html is got
2025-02-14 at 15:20:08 | INFO | chapter 142 for link https://www.52shuku.vip/yanqing/am/h2QX_142.html is got
2025-02-14 at 15:20:09 | INFO | page https://www.52shuku.vip/yanqing/am/h2QX_143.html is got
2025-02-14 at 15:20:10 | INFO | chapter 143 for link https://www.52shuku.vip/yanqing/am/h2QX_143.html is got
2025-02-14 at 15:20:11 | INFO | page https://www.52shuku.vip/yanqing/am/h2QX_144.html is got
2025-02-14 at 15:20:16 | INFO | chapter 144 for link https://www.52shuku.vip/yanqing/am/h2QX_144.html is got
2025-02-14 at 15:20:16 | INFO | page https://www.52shuku.vip/yanqing/am/h2QX_145.html is got
2025-02-14 at 15:20:21 | INFO | chapter 145 for link https://www.52shuku.vip/yanqing/am/h2QX_145.html is got
2025-02-14 at 15:20:22 | INFO | page https://www.52shuku.vip/yanqing/am/h2QX_146.html is got
2025-02-14 at 15:20:27 | INFO | chapter 146 for link https://www.52shuku.vip/yanqing/am/h2QX_146.html is got
2025-02-14 at 15:20:27 | INFO | page https://www.52shuku.vip/yanqing/am/h2QX_147.html is got
2025-02-14 at 15:20:33 | INFO | chapter 147 for link https://www.52shuku.vip/yanqing/am/h2QX_147.html is got
2025-02-14 at 15:20:34 | INFO | page https://www.52shuku.vip/yanqing/am/h2QX_148.html is got
2025-02-14 at 15:20:36 | INFO | chapter 148 for link https://www.52shuku.vip/yanqing/am/h2QX_148.html is got
2025-02-14 at 15:20:36 | INFO | page https://www.52shuku.vip/yanqing/am/h2QX_149.html is got
2025-02-14 at 15:20:42 | INFO | chapter 149 for link https://www.52shuku.vip/yanqing/am/h2QX_149.html is got
2025-02-14 at 15:20:42 | INFO | page https://www.52shuku.vip/yanqing/am/h2QX_150.html is got
2025-02-14 at 15:20:43 | INFO | chapter 150 for link https://www.52shuku.vip/yanqing/am/h2QX_150.html is got
2025-02-14 at 15:20:44 | INFO | page https://www.52shuku.vip/yanqing/am/h2QX_151.html is got
2025-02-14 at 15:20:49 | INFO | chapter 151 for link https://www.52shuku.vip/yanqing/am/h2QX_151.html is got
2025-02-14 at 15:20:49 | INFO | page https://www.52shuku.vip/yanqing/am/h2QX_152.html is got
2025-02-14 at 15:20:55 | INFO | chapter 152 for link https://www.52shuku.vip/yanqing/am/h2QX_152.html is got
2025-02-14 at 15:20:56 | INFO | page https://www.52shuku.vip/yanqing/am/h2QX_153.html is got
2025-02-14 at 15:21:00 | INFO | chapter 153 for link https://www.52shuku.vip/yanqing/am/h2QX_153.html is got
2025-02-14 at 15:21:00 | INFO | page https://www.52shuku.vip/yanqing/am/h2QX_154.html is got
2025-02-14 at 15:21:01 | INFO | chapter 154 for link https://www.52shuku.vip/yanqing/am/h2QX_154.html is got
2025-02-14 at 15:21:02 | INFO | page https://www.52shuku.vip/yanqing/am/h2QX_155.html is got
2025-02-14 at 15:21:03 | INFO | chapter 155 for link https://www.52shuku.vip/yanqing/am/h2QX_155.html is got
2025-02-14 at 15:21:03 | INFO | page https://www.52shuku.vip/yanqing/am/h2QX_156.html is got
2025-02-14 at 15:21:05 | INFO | chapter 156 for link https://www.52shuku.vip/yanqing/am/h2QX_156.html is got
2025-02-14 at 15:21:06 | INFO | page https://www.52shuku.vip/yanqing/am/h2QX_157.html is got
2025-02-14 at 15:21:12 | INFO | chapter 157 for link https://www.52shuku.vip/yanqing/am/h2QX_157.html is got
2025-02-14 at 15:21:12 | INFO | page https://www.52shuku.vip/yanqing/am/h2QX_158.html is got
2025-02-14 at 15:21:17 | INFO | chapter 158 for link https://www.52shuku.vip/yanqing/am/h2QX_158.html is got
2025-02-14 at 15:21:17 | INFO | page https://www.52shuku.vip/yanqing/am/h2QX_159.html is got
2025-02-14 at 15:21:22 | INFO | chapter 159 for link https://www.52shuku.vip/yanqing/am/h2QX_159.html is got
2025-02-14 at 15:21:23 | INFO | page https://www.52shuku.vip/yanqing/am/h2QX_160.html is got
2025-02-14 at 15:21:26 | INFO | chapter 160 for link https://www.52shuku.vip/yanqing/am/h2QX_160.html is got
2025-02-14 at 15:21:26 | INFO | page https://www.52shuku.vip/yanqing/am/h2QX_161.html is got
2025-02-14 at 15:21:28 | INFO | chapter 161 for link https://www.52shuku.vip/yanqing/am/h2QX_161.html is got
2025-02-14 at 15:21:29 | INFO | page https://www.52shuku.vip/yanqing/am/h2QX_162.html is got
2025-02-14 at 15:21:34 | INFO | chapter 162 for link https://www.52shuku.vip/yanqing/am/h2QX_162.html is got
2025-02-14 at 15:21:34 | INFO | page https://www.52shuku.vip/yanqing/am/h2QX_163.html is got
2025-02-14 at 15:21:35 | INFO | chapter 163 for link https://www.52shuku.vip/yanqing/am/h2QX_163.html is got
2025-02-14 at 15:21:36 | INFO | page https://www.52shuku.vip/yanqing/am/h2QX_164.html is got
2025-02-14 at 15:21:42 | INFO | chapter 164 for link https://www.52shuku.vip/yanqing/am/h2QX_164.html is got
2025-02-14 at 15:21:42 | INFO | page https://www.52shuku.vip/yanqing/am/h2QX_165.html is got
2025-02-14 at 15:21:49 | INFO | chapter 165 for link https://www.52shuku.vip/yanqing/am/h2QX_165.html is got
2025-02-14 at 15:21:50 | INFO | page https://www.52shuku.vip/yanqing/am/h2QX_166.html is got
2025-02-14 at 15:21:55 | INFO | chapter 166 for link https://www.52shuku.vip/yanqing/am/h2QX_166.html is got
2025-02-14 at 15:21:55 | INFO | page https://www.52shuku.vip/yanqing/am/h2QX_167.html is got
2025-02-14 at 15:22:00 | INFO | chapter 167 for link https://www.52shuku.vip/yanqing/am/h2QX_167.html is got
2025-02-14 at 15:22:01 | INFO | page https://www.52shuku.vip/yanqing/am/h2QX_168.html is got
2025-02-14 at 15:22:05 | INFO | chapter 168 for link https://www.52shuku.vip/yanqing/am/h2QX_168.html is got
2025-02-14 at 15:22:05 | INFO | page https://www.52shuku.vip/yanqing/am/h2QX_169.html is got
2025-02-14 at 15:22:11 | INFO | chapter 169 for link https://www.52shuku.vip/yanqing/am/h2QX_169.html is got
2025-02-14 at 15:22:11 | INFO | page https://www.52shuku.vip/yanqing/am/h2QX_170.html is got
2025-02-14 at 15:22:14 | INFO | chapter 170 for link https://www.52shuku.vip/yanqing/am/h2QX_170.html is got
2025-02-14 at 15:22:15 | INFO | page https://www.52shuku.vip/yanqing/am/h2QX_171.html is got
2025-02-14 at 15:22:19 | INFO | chapter 171 for link https://www.52shuku.vip/yanqing/am/h2QX_171.html is got
2025-02-14 at 15:22:19 | INFO | page https://www.52shuku.vip/yanqing/am/h2QX_172.html is got
2025-02-14 at 15:22:20 | INFO | chapter 172 for link https://www.52shuku.vip/yanqing/am/h2QX_172.html is got
2025-02-14 at 15:22:21 | INFO | page https://www.52shuku.vip/yanqing/am/h2QX_173.html is got
2025-02-14 at 15:22:27 | INFO | chapter 173 for link https://www.52shuku.vip/yanqing/am/h2QX_173.html is got
2025-02-14 at 15:22:27 | INFO | page https://www.52shuku.vip/yanqing/am/h2QX_174.html is got
2025-02-14 at 15:22:31 | INFO | chapter 174 for link https://www.52shuku.vip/yanqing/am/h2QX_174.html is got
2025-02-14 at 15:22:31 | INFO | page https://www.52shuku.vip/yanqing/am/h2QX_175.html is got
2025-02-14 at 15:22:37 | INFO | chapter 175 for link https://www.52shuku.vip/yanqing/am/h2QX_175.html is got
2025-02-14 at 15:22:38 | INFO | page https://www.52shuku.vip/yanqing/am/h2QX_176.html is got
2025-02-14 at 15:22:45 | INFO | chapter 176 for link https://www.52shuku.vip/yanqing/am/h2QX_176.html is got
2025-02-14 at 15:22:46 | INFO | page https://www.52shuku.vip/yanqing/am/h2QX_177.html is got
2025-02-14 at 15:22:52 | INFO | chapter 177 for link https://www.52shuku.vip/yanqing/am/h2QX_177.html is got
2025-02-14 at 15:22:52 | INFO | page https://www.52shuku.vip/yanqing/am/h2QX_178.html is got
2025-02-14 at 15:22:55 | INFO | chapter 178 for link https://www.52shuku.vip/yanqing/am/h2QX_178.html is got
2025-02-14 at 15:22:56 | INFO | page https://www.52shuku.vip/yanqing/am/h2QX_179.html is got
2025-02-14 at 15:22:58 | INFO | chapter 179 for link https://www.52shuku.vip/yanqing/am/h2QX_179.html is got
2025-02-14 at 15:22:58 | INFO | page https://www.52shuku.vip/yanqing/am/h2QX_180.html is got
2025-02-14 at 15:22:59 | INFO | chapter 180 for link https://www.52shuku.vip/yanqing/am/h2QX_180.html is got
2025-02-14 at 15:23:00 | INFO | page https://www.52shuku.vip/yanqing/am/h2QX_181.html is got
2025-02-14 at 15:23:02 | INFO | chapter 181 for link https://www.52shuku.vip/yanqing/am/h2QX_181.html is got
2025-02-14 at 15:23:02 | INFO | page https://www.52shuku.vip/yanqing/am/h2QX_182.html is got
2025-02-14 at 15:23:09 | INFO | chapter 182 for link https://www.52shuku.vip/yanqing/am/h2QX_182.html is got
2025-02-14 at 15:23:10 | INFO | page https://www.52shuku.vip/yanqing/am/h2QX_183.html is got
2025-02-14 at 15:23:11 | INFO | chapter 183 for link https://www.52shuku.vip/yanqing/am/h2QX_183.html is got
2025-02-14 at 15:23:11 | INFO | page https://www.52shuku.vip/yanqing/am/h2QX_184.html is got
2025-02-14 at 15:23:16 | INFO | chapter 184 for link https://www.52shuku.vip/yanqing/am/h2QX_184.html is got
2025-02-14 at 15:23:16 | INFO | page https://www.52shuku.vip/yanqing/am/h2QX_185.html is got
2025-02-14 at 15:23:22 | INFO | chapter 185 for link https://www.52shuku.vip/yanqing/am/h2QX_185.html is got
2025-02-14 at 15:23:22 | INFO | page https://www.52shuku.vip/yanqing/am/h2QX_186.html is got
2025-02-14 at 15:23:24 | INFO | chapter 186 for link https://www.52shuku.vip/yanqing/am/h2QX_186.html is got
2025-02-14 at 15:23:25 | INFO | page https://www.52shuku.vip/yanqing/am/h2QX_187.html is got
2025-02-14 at 15:23:29 | INFO | chapter 187 for link https://www.52shuku.vip/yanqing/am/h2QX_187.html is got
2025-02-14 at 15:23:29 | INFO | page https://www.52shuku.vip/yanqing/am/h2QX_188.html is got
2025-02-14 at 15:23:33 | INFO | chapter 188 for link https://www.52shuku.vip/yanqing/am/h2QX_188.html is got
2025-02-14 at 15:23:34 | INFO | page https://www.52shuku.vip/yanqing/am/h2QX_189.html is got
2025-02-14 at 15:23:38 | INFO | chapter 189 for link https://www.52shuku.vip/yanqing/am/h2QX_189.html is got
2025-02-14 at 15:23:38 | INFO | page https://www.52shuku.vip/yanqing/am/h2QX_190.html is got
2025-02-14 at 15:23:42 | INFO | chapter 190 for link https://www.52shuku.vip/yanqing/am/h2QX_190.html is got
2025-02-14 at 15:23:42 | INFO | page https://www.52shuku.vip/yanqing/am/h2QX_191.html is got
2025-02-14 at 15:23:46 | INFO | chapter 191 for link https://www.52shuku.vip/yanqing/am/h2QX_191.html is got
2025-02-14 at 15:23:47 | INFO | page https://www.52shuku.vip/yanqing/am/h2QX_192.html is got
2025-02-14 at 15:23:54 | INFO | chapter 192 for link https://www.52shuku.vip/yanqing/am/h2QX_192.html is got
2025-02-14 at 15:23:54 | INFO | page https://www.52shuku.vip/yanqing/am/h2QX_193.html is got
2025-02-14 at 15:23:58 | INFO | chapter 193 for link https://www.52shuku.vip/yanqing/am/h2QX_193.html is got
2025-02-14 at 15:23:59 | INFO | page https://www.52shuku.vip/yanqing/am/h2QX_194.html is got
2025-02-14 at 15:24:00 | INFO | chapter 194 for link https://www.52shuku.vip/yanqing/am/h2QX_194.html is got
2025-02-14 at 15:24:00 | INFO | page https://www.52shuku.vip/yanqing/am/h2QX_195.html is got
2025-02-14 at 15:24:03 | INFO | chapter 195 for link https://www.52shuku.vip/yanqing/am/h2QX_195.html is got
2025-02-14 at 15:24:04 | INFO | page https://www.52shuku.vip/yanqing/am/h2QX_196.html is got
2025-02-14 at 15:24:06 | INFO | chapter 196 for link https://www.52shuku.vip/yanqing/am/h2QX_196.html is got
2025-02-14 at 15:24:06 | INFO | page https://www.52shuku.vip/yanqing/am/h2QX_197.html is got
2025-02-14 at 15:24:09 | INFO | chapter 197 for link https://www.52shuku.vip/yanqing/am/h2QX_197.html is got
2025-02-14 at 15:24:10 | INFO | page https://www.52shuku.vip/yanqing/am/h2QX_198.html is got
2025-02-14 at 15:24:16 | INFO | chapter 198 for link https://www.52shuku.vip/yanqing/am/h2QX_198.html is got
2025-02-14 at 15:24:17 | INFO | page https://www.52shuku.vip/yanqing/am/h2QX_199.html is got
2025-02-14 at 15:24:23 | INFO | chapter 199 for link https://www.52shuku.vip/yanqing/am/h2QX_199.html is got
2025-02-14 at 15:24:23 | INFO | page https://www.52shuku.vip/yanqing/am/h2QX_200.html is got
2025-02-14 at 15:24:26 | INFO | chapter 200 for link https://www.52shuku.vip/yanqing/am/h2QX_200.html is got
2025-02-14 at 15:24:27 | INFO | page https://www.52shuku.vip/yanqing/am/h2QX_201.html is got
2025-02-14 at 15:24:32 | INFO | chapter 201 for link https://www.52shuku.vip/yanqing/am/h2QX_201.html is got
2025-02-14 at 15:24:32 | INFO | page https://www.52shuku.vip/yanqing/am/h2QX_202.html is got
2025-02-14 at 15:24:33 | INFO | chapter 202 for link https://www.52shuku.vip/yanqing/am/h2QX_202.html is got
2025-02-14 at 15:24:34 | INFO | page https://www.52shuku.vip/yanqing/am/h2QX_203.html is got
2025-02-14 at 15:24:36 | INFO | chapter 203 for link https://www.52shuku.vip/yanqing/am/h2QX_203.html is got
2025-02-14 at 15:24:36 | INFO | page https://www.52shuku.vip/yanqing/am/h2QX_204.html is got
2025-02-14 at 15:24:43 | INFO | chapter 204 for link https://www.52shuku.vip/yanqing/am/h2QX_204.html is got
2025-02-14 at 15:24:44 | INFO | page https://www.52shuku.vip/yanqing/am/h2QX_205.html is got
2025-02-14 at 15:24:47 | INFO | chapter 205 for link https://www.52shuku.vip/yanqing/am/h2QX_205.html is got
2025-02-14 at 15:24:47 | INFO | page https://www.52shuku.vip/yanqing/am/h2QX_206.html is got
2025-02-14 at 15:24:50 | INFO | chapter 206 for link https://www.52shuku.vip/yanqing/am/h2QX_206.html is got
2025-02-14 at 15:24:51 | INFO | page https://www.52shuku.vip/yanqing/am/h2QX_207.html is got
2025-02-14 at 15:24:57 | INFO | chapter 207 for link https://www.52shuku.vip/yanqing/am/h2QX_207.html is got
2025-02-14 at 15:24:57 | INFO | page https://www.52shuku.vip/yanqing/am/h2QX_208.html is got
2025-02-14 at 15:24:59 | INFO | chapter 208 for link https://www.52shuku.vip/yanqing/am/h2QX_208.html is got
2025-02-14 at 15:24:59 | INFO | page https://www.52shuku.vip/yanqing/am/h2QX_209.html is got
2025-02-14 at 15:25:00 | INFO | chapter 209 for link https://www.52shuku.vip/yanqing/am/h2QX_209.html is got
2025-02-14 at 15:25:01 | INFO | page https://www.52shuku.vip/yanqing/am/h2QX_210.html is got
2025-02-14 at 15:25:07 | INFO | chapter 210 for link https://www.52shuku.vip/yanqing/am/h2QX_210.html is got
2025-02-14 at 15:25:07 | INFO | page https://www.52shuku.vip/yanqing/am/h2QX_211.html is got
2025-02-14 at 15:25:14 | INFO | chapter 211 for link https://www.52shuku.vip/yanqing/am/h2QX_211.html is got
2025-02-14 at 15:25:14 | INFO | page https://www.52shuku.vip/yanqing/am/h2QX_212.html is got
2025-02-14 at 15:25:17 | INFO | chapter 212 for link https://www.52shuku.vip/yanqing/am/h2QX_212.html is got
2025-02-14 at 15:25:18 | INFO | page https://www.52shuku.vip/yanqing/am/h2QX_213.html is got
2025-02-14 at 15:25:25 | INFO | chapter 213 for link https://www.52shuku.vip/yanqing/am/h2QX_213.html is got
2025-02-14 at 15:25:25 | INFO | page https://www.52shuku.vip/yanqing/am/h2QX_214.html is got
2025-02-14 at 15:25:28 | INFO | chapter 214 for link https://www.52shuku.vip/yanqing/am/h2QX_214.html is got
2025-02-14 at 15:25:29 | INFO | page https://www.52shuku.vip/yanqing/am/h2QX_215.html is got
2025-02-14 at 15:25:36 | INFO | chapter 215 for link https://www.52shuku.vip/yanqing/am/h2QX_215.html is got
2025-02-14 at 15:25:36 | INFO | page https://www.52shuku.vip/yanqing/am/h2QX_216.html is got
2025-02-14 at 15:25:43 | INFO | chapter 216 for link https://www.52shuku.vip/yanqing/am/h2QX_216.html is got
2025-02-14 at 15:25:43 | INFO | page https://www.52shuku.vip/yanqing/am/h2QX_217.html is got
2025-02-14 at 15:25:50 | INFO | chapter 217 for link https://www.52shuku.vip/yanqing/am/h2QX_217.html is got
2025-02-14 at 15:25:51 | INFO | page https://www.52shuku.vip/yanqing/am/h2QX_218.html is got
2025-02-14 at 15:25:57 | INFO | chapter 218 for link https://www.52shuku.vip/yanqing/am/h2QX_218.html is got
2025-02-14 at 15:25:57 | INFO | page https://www.52shuku.vip/yanqing/am/h2QX_219.html is got
2025-02-14 at 15:26:03 | INFO | chapter 219 for link https://www.52shuku.vip/yanqing/am/h2QX_219.html is got
2025-02-14 at 15:26:04 | INFO | page https://www.52shuku.vip/yanqing/am/h2QX_220.html is got
2025-02-14 at 15:26:06 | INFO | chapter 220 for link https://www.52shuku.vip/yanqing/am/h2QX_220.html is got
2025-02-14 at 15:26:06 | INFO | page https://www.52shuku.vip/yanqing/am/h2QX_221.html is got
2025-02-14 at 15:26:11 | INFO | chapter 221 for link https://www.52shuku.vip/yanqing/am/h2QX_221.html is got
2025-02-14 at 15:26:12 | INFO | page https://www.52shuku.vip/yanqing/am/h2QX_222.html is got
2025-02-14 at 15:26:17 | INFO | chapter 222 for link https://www.52shuku.vip/yanqing/am/h2QX_222.html is got
2025-02-14 at 15:26:17 | INFO | novel is created fdsfds
2025-02-14 at 15:43:40 | ERROR | file dsdas.json is not found
2025-02-14 at 15:43:40 | INFO | Приступаем к распечатыванию новеллы в терминал: 
2025-02-14 at 15:44:15 | ERROR | file asdasd.json is not found
2025-02-14 at 15:44:15 | INFO | Приступаем к распечатыванию новеллы в терминал: 
2025-02-14 at 15:44:34 | INFO | Приступаем к распечатыванию новеллы в терминал: 
2025-02-14 at 15:45:13 | INFO | Приступаем к распечатыванию новеллы в терминал: 
2025-02-14 at 15:46:52 | INFO | Приступаем к распечатыванию новеллы в терминал: 
